This file contains any messages produced by compilers while
running configure, to aid debugging if configure makes a mistake.

It was created by StringUtils configure 1.0, which was
generated by GNU Autoconf 2.69.  Invocation command line was

  $ ./configure 

## --------- ##
## Platform. ##
## --------- ##

hostname = bledyx-laptop
uname -m = x86_64
uname -r = 5.15.167.4-microsoft-standard-WSL2
uname -s = Linux
uname -v = #1 SMP Tue Nov 5 00:21:55 UTC 2024

/usr/bin/uname -p = x86_64
/bin/uname -X     = unknown

/bin/arch              = x86_64
/usr/bin/arch -k       = unknown
/usr/convex/getsysinfo = unknown
/usr/bin/hostinfo      = unknown
/bin/machine           = unknown
/usr/bin/oslevel       = unknown
/bin/universe          = unknown

PATH: /home/bledyx/.vscode-server/bin/f1a4fb101478ce6ec82fe9627c43efbf9e98c813/bin/remote-cli
PATH: /usr/local/sbin
PATH: /usr/local/bin
PATH: /usr/sbin
PATH: /usr/bin
PATH: /sbin
PATH: /bin
PATH: /usr/games
PATH: /usr/local/games
PATH: /usr/lib/wsl/lib
PATH: /mnt/c/Program Files (x86)/Common Files/Oracle/Java/javapath
PATH: /mnt/c/Program Files/jdk-17.0.2/bin
PATH: /mnt/c/WINDOWS/system32
PATH: /mnt/c/WINDOWS
PATH: /mnt/c/WINDOWS/System32/Wbem
PATH: /mnt/c/WINDOWS/System32/WindowsPowerShell/v1.0/
PATH: /mnt/c/WINDOWS/System32/OpenSSH/
PATH: /mnt/c/Program Files/nodejs/
PATH: /mnt/c/Program Files/PostgreSQL/9.6/bin
PATH: /mnt/c/Program Files/Docker/Docker/resources/bin
PATH: /mnt/c/Program Files/apache-maven-3.9.9/bin
PATH: /mnt/c/Program Files (x86)/Common Files/Oracle/Java/java8path
PATH: /mnt/c/Program Files/Git/cmd
PATH: /mnt/c/Users/perjv/AppData/Local/Microsoft/WindowsApps
PATH: /mnt/c/Users/perjv/AppData/Local/Programs/Microsoft VS Code/bin
PATH: /mnt/c/Users/perjv/AppData/Roaming/npm
PATH: /mnt/c/Program Files/JetBrains/IntelliJ IDEA 2024.2.3/bin
PATH: /snap/bin


## ----------- ##
## Core tests. ##
## ----------- ##

configure:2309: checking for a BSD-compatible install
configure:2377: result: /usr/bin/install -c
configure:2388: checking whether build environment is sane
configure:2443: result: yes
configure:2592: checking for a thread-safe mkdir -p
configure:2631: result: /usr/bin/mkdir -p
configure:2638: checking for gawk
configure:2654: found /usr/bin/gawk
configure:2665: result: gawk
configure:2676: checking whether make sets $(MAKE)
configure:2698: result: yes
configure:2727: checking whether make supports nested variables
configure:2744: result: yes
configure:2928: checking for g++
configure:2944: found /usr/bin/g++
configure:2955: result: g++
configure:2982: checking for C++ compiler version
configure:2991: g++ --version >&5
g++ (Ubuntu 9.4.0-1ubuntu1~20.04.2) 9.4.0
Copyright (C) 2019 Free Software Foundation, Inc.
This is free software; see the source for copying conditions.  There is NO
warranty; not even for MERCHANTABILITY or FITNESS FOR A PARTICULAR PURPOSE.

configure:3002: $? = 0
configure:2991: g++ -v >&5
Using built-in specs.
COLLECT_GCC=g++
COLLECT_LTO_WRAPPER=/usr/lib/gcc/x86_64-linux-gnu/9/lto-wrapper
OFFLOAD_TARGET_NAMES=nvptx-none:hsa
OFFLOAD_TARGET_DEFAULT=1
Target: x86_64-linux-gnu
Configured with: ../src/configure -v --with-pkgversion='Ubuntu 9.4.0-1ubuntu1~20.04.2' --with-bugurl=file:///usr/share/doc/gcc-9/README.Bugs --enable-languages=c,ada,c++,go,brig,d,fortran,objc,obj-c++,gm2 --prefix=/usr --with-gcc-major-version-only --program-suffix=-9 --program-prefix=x86_64-linux-gnu- --enable-shared --enable-linker-build-id --libexecdir=/usr/lib --without-included-gettext --enable-threads=posix --libdir=/usr/lib --enable-nls --enable-clocale=gnu --enable-libstdcxx-debug --enable-libstdcxx-time=yes --with-default-libstdcxx-abi=new --enable-gnu-unique-object --disable-vtable-verify --enable-plugin --enable-default-pie --with-system-zlib --with-target-system-zlib=auto --enable-objc-gc=auto --enable-multiarch --disable-werror --with-arch-32=i686 --with-abi=m64 --with-multilib-list=m32,m64,mx32 --enable-multilib --with-tune=generic --enable-offload-targets=nvptx-none=/build/gcc-9-9QDOt0/gcc-9-9.4.0/debian/tmp-nvptx/usr,hsa --without-cuda-driver --enable-checking=release --build=x86_64-linux-gnu --host=x86_64-linux-gnu --target=x86_64-linux-gnu
Thread model: posix
gcc version 9.4.0 (Ubuntu 9.4.0-1ubuntu1~20.04.2) 
configure:3002: $? = 0
configure:2991: g++ -V >&5
g++: error: unrecognized command line option '-V'
g++: fatal error: no input files
compilation terminated.
configure:3002: $? = 1
configure:2991: g++ -qversion >&5
g++: error: unrecognized command line option '-qversion'; did you mean '--version'?
g++: fatal error: no input files
compilation terminated.
configure:3002: $? = 1
configure:3022: checking whether the C++ compiler works
configure:3044: g++    conftest.cpp  >&5
configure:3048: $? = 0
configure:3096: result: yes
configure:3099: checking for C++ compiler default output file name
configure:3101: result: a.out
configure:3107: checking for suffix of executables
configure:3114: g++ -o conftest    conftest.cpp  >&5
configure:3118: $? = 0
configure:3140: result: 
configure:3162: checking whether we are cross compiling
configure:3170: g++ -o conftest    conftest.cpp  >&5
configure:3174: $? = 0
configure:3181: ./conftest
configure:3185: $? = 0
configure:3173: result: no
configure:3178: checking for suffix of object files
configure:3200: g++ -c   conftest.cpp >&5
configure:3204: $? = 0
configure:3225: result: o
configure:3229: checking whether we are using the GNU C++ compiler
configure:3248: g++ -c   conftest.cpp >&5
configure:3248: $? = 0
configure:3257: result: yes
configure:3266: checking whether g++ accepts -g
configure:3286: g++ -c -g  conftest.cpp >&5
configure:3286: $? = 0
configure:3327: result: yes
configure:3353: checking whether make supports the include directive
configure:3368: make -f confmf.GNU && cat confinc.out
this is the am__doit target
configure:3371: $? = 0
configure:3390: result: yes (GNU style)
configure:3415: checking dependency style of g++
configure:3526: result: gcc3
configure:3589: checking for gcc
configure:3605: found /usr/bin/gcc
configure:3616: result: gcc
configure:3845: checking for C compiler version
configure:3854: gcc --version >&5
gcc (Ubuntu 9.4.0-1ubuntu1~20.04.2) 9.4.0
Copyright (C) 2019 Free Software Foundation, Inc.
This is free software; see the source for copying conditions.  There is NO
warranty; not even for MERCHANTABILITY or FITNESS FOR A PARTICULAR PURPOSE.

configure:3865: $? = 0
configure:3854: gcc -v >&5
Using built-in specs.
COLLECT_GCC=gcc
COLLECT_LTO_WRAPPER=/usr/lib/gcc/x86_64-linux-gnu/9/lto-wrapper
OFFLOAD_TARGET_NAMES=nvptx-none:hsa
OFFLOAD_TARGET_DEFAULT=1
Target: x86_64-linux-gnu
Configured with: ../src/configure -v --with-pkgversion='Ubuntu 9.4.0-1ubuntu1~20.04.2' --with-bugurl=file:///usr/share/doc/gcc-9/README.Bugs --enable-languages=c,ada,c++,go,brig,d,fortran,objc,obj-c++,gm2 --prefix=/usr --with-gcc-major-version-only --program-suffix=-9 --program-prefix=x86_64-linux-gnu- --enable-shared --enable-linker-build-id --libexecdir=/usr/lib --without-included-gettext --enable-threads=posix --libdir=/usr/lib --enable-nls --enable-clocale=gnu --enable-libstdcxx-debug --enable-libstdcxx-time=yes --with-default-libstdcxx-abi=new --enable-gnu-unique-object --disable-vtable-verify --enable-plugin --enable-default-pie --with-system-zlib --with-target-system-zlib=auto --enable-objc-gc=auto --enable-multiarch --disable-werror --with-arch-32=i686 --with-abi=m64 --with-multilib-list=m32,m64,mx32 --enable-multilib --with-tune=generic --enable-offload-targets=nvptx-none=/build/gcc-9-9QDOt0/gcc-9-9.4.0/debian/tmp-nvptx/usr,hsa --without-cuda-driver --enable-checking=release --build=x86_64-linux-gnu --host=x86_64-linux-gnu --target=x86_64-linux-gnu
Thread model: posix
gcc version 9.4.0 (Ubuntu 9.4.0-1ubuntu1~20.04.2) 
configure:3865: $? = 0
configure:3854: gcc -V >&5
gcc: error: unrecognized command line option '-V'
gcc: fatal error: no input files
compilation terminated.
configure:3865: $? = 1
configure:3854: gcc -qversion >&5
gcc: error: unrecognized command line option '-qversion'; did you mean '--version'?
gcc: fatal error: no input files
compilation terminated.
configure:3865: $? = 1
configure:3869: checking whether we are using the GNU C compiler
configure:3888: gcc -c   conftest.c >&5
configure:3888: $? = 0
configure:3897: result: yes
configure:3906: checking whether gcc accepts -g
configure:3926: gcc -c -g  conftest.c >&5
configure:3926: $? = 0
configure:3967: result: yes
configure:3984: checking for gcc option to accept ISO C89
configure:4047: gcc  -c -g -O2  conftest.c >&5
configure:4047: $? = 0
configure:4060: result: none needed
configure:4085: checking whether gcc understands -c and -o together
configure:4107: gcc -c conftest.c -o conftest2.o
configure:4110: $? = 0
configure:4107: gcc -c conftest.c -o conftest2.o
configure:4110: $? = 0
configure:4122: result: yes
configure:4141: checking dependency style of gcc
configure:4252: result: gcc3
configure:4317: checking for ar
configure:4333: found /usr/bin/ar
configure:4344: result: ar
configure:4370: checking the archiver (ar) interface
configure:4386: gcc -c -g -O2  conftest.c >&5
configure:4386: $? = 0
configure:4388: ar cru libconftest.a conftest.o >&5
ar: `u' modifier ignored since `D' is the default (see `U')
configure:4391: $? = 0
configure:4390: result: ar
configure:4439: checking build system type
configure:4453: result: x86_64-pc-linux-gnu
configure:4473: checking host system type
configure:4486: result: x86_64-pc-linux-gnu
configure:4527: checking how to print strings
configure:4554: result: printf
configure:4575: checking for a sed that does not truncate output
configure:4639: result: /usr/bin/sed
configure:4657: checking for grep that handles long lines and -e
configure:4715: result: /usr/bin/grep
configure:4720: checking for egrep
configure:4782: result: /usr/bin/grep -E
configure:4787: checking for fgrep
configure:4849: result: /usr/bin/grep -F
configure:4884: checking for ld used by gcc
configure:4951: result: /usr/bin/ld
configure:4958: checking if the linker (/usr/bin/ld) is GNU ld
configure:4973: result: yes
configure:4985: checking for BSD- or MS-compatible name lister (nm)
configure:5039: result: /usr/bin/nm -B
configure:5169: checking the name lister (/usr/bin/nm -B) interface
configure:5176: gcc -c -g -O2  conftest.c >&5
configure:5179: /usr/bin/nm -B "conftest.o"
configure:5182: output
0000000000000000 B some_variable
configure:5183: result: BSD nm
configure:5186: checking whether ln -s works
configure:5190: result: yes
configure:5198: checking the maximum length of command line arguments
configure:5329: result: 1572864
configure:5377: checking how to convert x86_64-pc-linux-gnu file names to x86_64-pc-linux-gnu format
configure:5417: result: func_convert_file_noop
configure:5424: checking how to convert x86_64-pc-linux-gnu file names to toolchain format
configure:5444: result: func_convert_file_noop
configure:5451: checking for /usr/bin/ld option to reload object files
configure:5458: result: -r
configure:5532: checking for objdump
configure:5548: found /usr/bin/objdump
configure:5559: result: objdump
configure:5591: checking how to recognize dependent libraries
configure:5791: result: pass_all
configure:5876: checking for dlltool
configure:5906: result: no
configure:5936: checking how to associate runtime and link libraries
configure:5963: result: printf %s\n
configure:6087: checking for archiver @FILE support
configure:6104: gcc -c -g -O2  conftest.c >&5
configure:6104: $? = 0
configure:6107: ar cr libconftest.a @conftest.lst >&5
configure:6110: $? = 0
configure:6115: ar cr libconftest.a @conftest.lst >&5
ar: conftest.o: No such file or directory
configure:6118: $? = 1
configure:6117: result: @
configure:6175: checking for strip
configure:6191: found /usr/bin/strip
configure:6202: result: strip
configure:6274: checking for ranlib
configure:6290: found /usr/bin/ranlib
configure:6301: result: ranlib
configure:6403: checking command to parse /usr/bin/nm -B output from gcc object
configure:6556: gcc -c -g -O2  conftest.c >&5
configure:6559: $? = 0
configure:6563: /usr/bin/nm -B conftest.o | sed -n -e 's/^.*[	 ]\([ABCDGIRSTW][ABCDGIRSTW]*\)[	 ][	 ]*\([_A-Za-z][_A-Za-z0-9]*\)$/\1 \2 \2/p' | sed '/ __gnu_lto/d' > conftest.nm
configure:6629: gcc -o conftest -g -O2   conftest.c conftstm.o >&5
configure:6632: $? = 0
configure:6670: result: ok
configure:6717: checking for sysroot
configure:6747: result: no
configure:6754: checking for a working dd
configure:6792: result: /usr/bin/dd
configure:6796: checking how to truncate binary pipes
configure:6811: result: /usr/bin/dd bs=4096 count=1
configure:6947: gcc -c -g -O2  conftest.c >&5
configure:6950: $? = 0
configure:7140: checking for mt
configure:7156: found /usr/bin/mt
configure:7167: result: mt
configure:7190: checking if mt is a manifest tool
configure:7196: mt '-?'
configure:7204: result: no
configure:7881: checking how to run the C preprocessor
configure:7912: gcc -E  conftest.c
configure:7912: $? = 0
configure:7926: gcc -E  conftest.c
conftest.c:11:10: fatal error: ac_nonexistent.h: No such file or directory
   11 | #include <ac_nonexistent.h>
      |          ^~~~~~~~~~~~~~~~~~
compilation terminated.
configure:7926: $? = 1
configure: failed program was:
| /* confdefs.h */
| #define PACKAGE_NAME "StringUtils"
| #define PACKAGE_TARNAME "stringutils"
| #define PACKAGE_VERSION "1.0"
| #define PACKAGE_STRING "StringUtils 1.0"
| #define PACKAGE_BUGREPORT "you@example.com"
| #define PACKAGE_URL ""
| #define PACKAGE "stringutils"
| #define VERSION "1.0"
| /* end confdefs.h.  */
| #include <ac_nonexistent.h>
configure:7951: result: gcc -E
configure:7971: gcc -E  conftest.c
configure:7971: $? = 0
configure:7985: gcc -E  conftest.c
conftest.c:11:10: fatal error: ac_nonexistent.h: No such file or directory
   11 | #include <ac_nonexistent.h>
      |          ^~~~~~~~~~~~~~~~~~
compilation terminated.
configure:7985: $? = 1
configure: failed program was:
| /* confdefs.h */
| #define PACKAGE_NAME "StringUtils"
| #define PACKAGE_TARNAME "stringutils"
| #define PACKAGE_VERSION "1.0"
| #define PACKAGE_STRING "StringUtils 1.0"
| #define PACKAGE_BUGREPORT "you@example.com"
| #define PACKAGE_URL ""
| #define PACKAGE "stringutils"
| #define VERSION "1.0"
| /* end confdefs.h.  */
| #include <ac_nonexistent.h>
configure:8014: checking for ANSI C header files
configure:8034: gcc -c -g -O2  conftest.c >&5
configure:8034: $? = 0
configure:8107: gcc -o conftest -g -O2   conftest.c  >&5
configure:8107: $? = 0
configure:8107: ./conftest
configure:8107: $? = 0
configure:8118: result: yes
configure:8131: checking for sys/types.h
configure:8131: gcc -c -g -O2  conftest.c >&5
configure:8131: $? = 0
configure:8131: result: yes
configure:8131: checking for sys/stat.h
configure:8131: gcc -c -g -O2  conftest.c >&5
configure:8131: $? = 0
configure:8131: result: yes
configure:8131: checking for stdlib.h
configure:8131: gcc -c -g -O2  conftest.c >&5
configure:8131: $? = 0
configure:8131: result: yes
configure:8131: checking for string.h
configure:8131: gcc -c -g -O2  conftest.c >&5
configure:8131: $? = 0
configure:8131: result: yes
configure:8131: checking for memory.h
configure:8131: gcc -c -g -O2  conftest.c >&5
configure:8131: $? = 0
configure:8131: result: yes
configure:8131: checking for strings.h
configure:8131: gcc -c -g -O2  conftest.c >&5
configure:8131: $? = 0
configure:8131: result: yes
configure:8131: checking for inttypes.h
configure:8131: gcc -c -g -O2  conftest.c >&5
configure:8131: $? = 0
configure:8131: result: yes
configure:8131: checking for stdint.h
configure:8131: gcc -c -g -O2  conftest.c >&5
configure:8131: $? = 0
configure:8131: result: yes
configure:8131: checking for unistd.h
configure:8131: gcc -c -g -O2  conftest.c >&5
configure:8131: $? = 0
configure:8131: result: yes
configure:8145: checking for dlfcn.h
configure:8145: gcc -c -g -O2  conftest.c >&5
configure:8145: $? = 0
configure:8145: result: yes
configure:8412: checking for objdir
configure:8427: result: .libs
configure:8691: checking if gcc supports -fno-rtti -fno-exceptions
configure:8709: gcc -c -g -O2  -fno-rtti -fno-exceptions conftest.c >&5
cc1: warning: command line option '-fno-rtti' is valid for C++/D/ObjC++ but not for C
configure:8713: $? = 0
configure:8726: result: no
configure:9090: checking for gcc option to produce PIC
configure:9097: result: -fPIC -DPIC
configure:9105: checking if gcc PIC flag -fPIC -DPIC works
configure:9123: gcc -c -g -O2  -fPIC -DPIC -DPIC conftest.c >&5
configure:9127: $? = 0
configure:9140: result: yes
configure:9169: checking if gcc static flag -static works
configure:9197: result: yes
configure:9212: checking if gcc supports -c -o file.o
configure:9233: gcc -c -g -O2  -o out/conftest2.o conftest.c >&5
configure:9237: $? = 0
configure:9259: result: yes
configure:9267: checking if gcc supports -c -o file.o
configure:9314: result: yes
configure:9347: checking whether the gcc linker (/usr/bin/ld -m elf_x86_64) supports shared libraries
configure:10610: result: yes
configure:10647: checking whether -lc should be explicitly linked in
configure:10655: gcc -c -g -O2  conftest.c >&5
configure:10658: $? = 0
configure:10673: gcc -shared  -fPIC -DPIC conftest.o  -v -Wl,-soname -Wl,conftest -o conftest 2\>\&1 \| /usr/bin/grep  -lc  \>/dev/null 2\>\&1
configure:10676: $? = 0
configure:10690: result: no
configure:10850: checking dynamic linker characteristics
configure:11431: gcc -o conftest -g -O2   -Wl,-rpath -Wl,/foo conftest.c  >&5
configure:11431: $? = 0
configure:11680: result: GNU/Linux ld.so
configure:11802: checking how to hardcode library paths into programs
configure:11827: result: immediate
configure:12375: checking whether stripping libraries is possible
configure:12380: result: yes
configure:12415: checking if libtool supports shared libraries
configure:12417: result: yes
configure:12420: checking whether to build shared libraries
configure:12445: result: yes
configure:12448: checking whether to build static libraries
configure:12452: result: yes
configure:9251: checking how to run the C++ preprocessor
configure:9278: g++ -E  conftest.cpp
configure:9278: $? = 0
configure:9292: g++ -E  conftest.cpp
conftest.cpp:23:10: fatal error: ac_nonexistent.h: No such file or directory
   23 | #include <ac_nonexistent.h>
      |          ^~~~~~~~~~~~~~~~~~
compilation terminated.
configure:9292: $? = 1
configure: failed program was:
| /* confdefs.h */
| #define PACKAGE_NAME "StringUtils"
| #define PACKAGE_TARNAME "stringutils"
| #define PACKAGE_VERSION "1.0"
| #define PACKAGE_STRING "StringUtils 1.0"
| #define PACKAGE_BUGREPORT "you@example.com"
| #define PACKAGE_URL ""
| #define PACKAGE "stringutils"
| #define VERSION "1.0"
| #define STDC_HEADERS 1
| #define HAVE_SYS_TYPES_H 1
| #define HAVE_SYS_STAT_H 1
| #define HAVE_STDLIB_H 1
| #define HAVE_STRING_H 1
| #define HAVE_MEMORY_H 1
| #define HAVE_STRINGS_H 1
| #define HAVE_INTTYPES_H 1
| #define HAVE_STDINT_H 1
| #define HAVE_UNISTD_H 1
| #define HAVE_DLFCN_H 1
| #define LT_OBJDIR ".libs/"
| /* end confdefs.h.  */
| #include <ac_nonexistent.h>
configure:9317: result: g++ -E
configure:9337: g++ -E  conftest.cpp
configure:9337: $? = 0
configure:9351: g++ -E  conftest.cpp
conftest.cpp:23:10: fatal error: ac_nonexistent.h: No such file or directory
   23 | #include <ac_nonexistent.h>
      |          ^~~~~~~~~~~~~~~~~~
compilation terminated.
configure:9351: $? = 1
configure: failed program was:
| /* confdefs.h */
| #define PACKAGE_NAME "StringUtils"
| #define PACKAGE_TARNAME "stringutils"
| #define PACKAGE_VERSION "1.0"
| #define PACKAGE_STRING "StringUtils 1.0"
| #define PACKAGE_BUGREPORT "you@example.com"
| #define PACKAGE_URL ""
| #define PACKAGE "stringutils"
| #define VERSION "1.0"
| #define STDC_HEADERS 1
| #define HAVE_SYS_TYPES_H 1
| #define HAVE_SYS_STAT_H 1
| #define HAVE_STDLIB_H 1
| #define HAVE_STRING_H 1
| #define HAVE_MEMORY_H 1
| #define HAVE_STRINGS_H 1
| #define HAVE_INTTYPES_H 1
| #define HAVE_STDINT_H 1
| #define HAVE_UNISTD_H 1
| #define HAVE_DLFCN_H 1
| #define LT_OBJDIR ".libs/"
| /* end confdefs.h.  */
| #include <ac_nonexistent.h>
configure:9513: checking for ld used by g++
configure:9580: result: /usr/bin/ld -m elf_x86_64
configure:9587: checking if the linker (/usr/bin/ld -m elf_x86_64) is GNU ld
configure:9602: result: yes
configure:9657: checking whether the g++ linker (/usr/bin/ld -m elf_x86_64) supports shared libraries
configure:10730: result: yes
configure:10766: g++ -c -g -O2  conftest.cpp >&5
configure:10769: $? = 0
configure:11250: checking for g++ option to produce PIC
configure:11257: result: -fPIC -DPIC
configure:11265: checking if g++ PIC flag -fPIC -DPIC works
configure:11283: g++ -c -g -O2  -fPIC -DPIC -DPIC conftest.cpp >&5
configure:11287: $? = 0
configure:11300: result: yes
configure:11323: checking if g++ static flag -static works
configure:11351: result: yes
configure:11363: checking if g++ supports -c -o file.o
configure:11384: g++ -c -g -O2  -o out/conftest2.o conftest.cpp >&5
configure:11388: $? = 0
configure:11410: result: yes
configure:11415: checking if g++ supports -c -o file.o
configure:11462: result: yes
configure:11492: checking whether the g++ linker (/usr/bin/ld -m elf_x86_64) supports shared libraries
configure:11535: result: yes
configure:11676: checking dynamic linker characteristics
configure:12433: result: GNU/Linux ld.so
configure:12498: checking how to hardcode library paths into programs
configure:12523: result: immediate
configure:11521: checking that generated files are newer than configure
configure:11527: result: done
configure:11554: creating ./config.status

## ---------------------- ##
## Running config.status. ##
## ---------------------- ##

This file was extended by StringUtils config.status 1.0, which was
generated by GNU Autoconf 2.69.  Invocation command line was

  CONFIG_FILES    = 
  CONFIG_HEADERS  = 
  CONFIG_LINKS    = 
  CONFIG_COMMANDS = 
  $ ./config.status 

on bledyx-laptop

config.status:1145: creating Makefile
config.status:1145: creating src/Makefile
config.status:1145: creating test/Makefile
config.status:1145: creating config.h
config.status:1326: config.h is unchanged
config.status:1374: executing depfiles commands
config.status:1451: cd src       && sed -e '/# am--include-marker/d' Makefile         | make -f - am--depfiles
make: Nothing to be done for 'am--depfiles'.
config.status:1456: $? = 0
config.status:1451: cd test       && sed -e '/# am--include-marker/d' Makefile         | make -f - am--depfiles
make: Nothing to be done for 'am--depfiles'.
config.status:1456: $? = 0
config.status:1374: executing libtool commands

## ---------------- ##
## Cache variables. ##
## ---------------- ##

ac_cv_build=x86_64-pc-linux-gnu
ac_cv_c_compiler_gnu=yes
ac_cv_cxx_compiler_gnu=yes
ac_cv_env_CCC_set=
ac_cv_env_CCC_value=
ac_cv_env_CC_set=
ac_cv_env_CC_value=
ac_cv_env_CFLAGS_set=
ac_cv_env_CFLAGS_value=
ac_cv_env_CPPFLAGS_set=
ac_cv_env_CPPFLAGS_value=
ac_cv_env_CPP_set=
ac_cv_env_CPP_value=
ac_cv_env_CXXCPP_set=
ac_cv_env_CXXCPP_value=
ac_cv_env_CXXFLAGS_set=
ac_cv_env_CXXFLAGS_value=
ac_cv_env_CXX_set=
ac_cv_env_CXX_value=
ac_cv_env_LDFLAGS_set=
ac_cv_env_LDFLAGS_value=
ac_cv_env_LIBS_set=
ac_cv_env_LIBS_value=
ac_cv_env_LT_SYS_LIBRARY_PATH_set=
ac_cv_env_LT_SYS_LIBRARY_PATH_value=
ac_cv_env_build_alias_set=
ac_cv_env_build_alias_value=
ac_cv_env_host_alias_set=
ac_cv_env_host_alias_value=
ac_cv_env_target_alias_set=
ac_cv_env_target_alias_value=
ac_cv_header_dlfcn_h=yes
ac_cv_header_inttypes_h=yes
ac_cv_header_memory_h=yes
ac_cv_header_stdc=yes
ac_cv_header_stdint_h=yes
ac_cv_header_stdlib_h=yes
ac_cv_header_string_h=yes
ac_cv_header_strings_h=yes
ac_cv_header_sys_stat_h=yes
ac_cv_header_sys_types_h=yes
ac_cv_header_unistd_h=yes
ac_cv_host=x86_64-pc-linux-gnu
ac_cv_objext=o
ac_cv_path_EGREP='/usr/bin/grep -E'
ac_cv_path_FGREP='/usr/bin/grep -F'
ac_cv_path_GREP=/usr/bin/grep
ac_cv_path_SED=/usr/bin/sed
ac_cv_path_install='/usr/bin/install -c'
ac_cv_path_lt_DD=/usr/bin/dd
ac_cv_path_mkdir=/usr/bin/mkdir
ac_cv_prog_AWK=gawk
ac_cv_prog_CPP='gcc -E'
ac_cv_prog_CXXCPP='g++ -E'
ac_cv_prog_ac_ct_AR=ar
ac_cv_prog_ac_ct_CC=gcc
ac_cv_prog_ac_ct_CXX=g++
ac_cv_prog_ac_ct_MANIFEST_TOOL=mt
ac_cv_prog_ac_ct_OBJDUMP=objdump
ac_cv_prog_ac_ct_RANLIB=ranlib
ac_cv_prog_ac_ct_STRIP=strip
ac_cv_prog_cc_c89=
ac_cv_prog_cc_g=yes
ac_cv_prog_cxx_g=yes
ac_cv_prog_make_make_set=yes
am_cv_CC_dependencies_compiler_type=gcc3
am_cv_CXX_dependencies_compiler_type=gcc3
am_cv_ar_interface=ar
am_cv_make_support_nested_variables=yes
am_cv_prog_cc_c_o=yes
lt_cv_ar_at_file=@
lt_cv_archive_cmds_need_lc=no
lt_cv_deplibs_check_method=pass_all
lt_cv_file_magic_cmd='$MAGIC_CMD'
lt_cv_file_magic_test_file=
lt_cv_ld_reload_flag=-r
lt_cv_nm_interface='BSD nm'
lt_cv_objdir=.libs
lt_cv_path_LD=/usr/bin/ld
lt_cv_path_LDCXX='/usr/bin/ld -m elf_x86_64'
lt_cv_path_NM='/usr/bin/nm -B'
lt_cv_path_mainfest_tool=no
lt_cv_prog_compiler_c_o=yes
lt_cv_prog_compiler_c_o_CXX=yes
lt_cv_prog_compiler_pic='-fPIC -DPIC'
lt_cv_prog_compiler_pic_CXX='-fPIC -DPIC'
lt_cv_prog_compiler_pic_works=yes
lt_cv_prog_compiler_pic_works_CXX=yes
lt_cv_prog_compiler_rtti_exceptions=no
lt_cv_prog_compiler_static_works=yes
lt_cv_prog_compiler_static_works_CXX=yes
lt_cv_prog_gnu_ld=yes
lt_cv_prog_gnu_ldcxx=yes
lt_cv_sharedlib_from_linklib_cmd='printf %s\n'
lt_cv_shlibpath_overrides_runpath=yes
lt_cv_sys_global_symbol_pipe='sed -n -e '\''s/^.*[	 ]\([ABCDGIRSTW][ABCDGIRSTW]*\)[	 ][	 ]*\([_A-Za-z][_A-Za-z0-9]*\)$/\1 \2 \2/p'\'' | sed '\''/ __gnu_lto/d'\'''
lt_cv_sys_global_symbol_to_c_name_address='sed -n -e '\''s/^: \(.*\) .*$/  {"\1", (void *) 0},/p'\'' -e '\''s/^[ABCDGIRSTW][ABCDGIRSTW]* .* \(.*\)$/  {"\1", (void *) \&\1},/p'\'''
lt_cv_sys_global_symbol_to_c_name_address_lib_prefix='sed -n -e '\''s/^: \(.*\) .*$/  {"\1", (void *) 0},/p'\'' -e '\''s/^[ABCDGIRSTW][ABCDGIRSTW]* .* \(lib.*\)$/  {"\1", (void *) \&\1},/p'\'' -e '\''s/^[ABCDGIRSTW][ABCDGIRSTW]* .* \(.*\)$/  {"lib\1", (void *) \&\1},/p'\'''
lt_cv_sys_global_symbol_to_cdecl='sed -n -e '\''s/^T .* \(.*\)$/extern int \1();/p'\'' -e '\''s/^[ABCDGIRSTW][ABCDGIRSTW]* .* \(.*\)$/extern char \1;/p'\'''
lt_cv_sys_global_symbol_to_import=
lt_cv_sys_max_cmd_len=1572864
lt_cv_to_host_file_cmd=func_convert_file_noop
lt_cv_to_tool_file_cmd=func_convert_file_noop
lt_cv_truncate_bin='/usr/bin/dd bs=4096 count=1'

## ----------------- ##
## Output variables. ##
## ----------------- ##

ACLOCAL='${SHELL} /home/bledyx/home/UA/cuarto/primer-cuatri/DCA/practicas/practica6/StringUtilsProject/missing aclocal-1.16'
AMDEPBACKSLASH='\'
AMDEP_FALSE='#'
AMDEP_TRUE=''
AMTAR='$${TAR-tar}'
AM_BACKSLASH='\'
AM_DEFAULT_V='$(AM_DEFAULT_VERBOSITY)'
AM_DEFAULT_VERBOSITY='1'
AM_V='$(V)'
AR='ar'
AUTOCONF='${SHELL} /home/bledyx/home/UA/cuarto/primer-cuatri/DCA/practicas/practica6/StringUtilsProject/missing autoconf'
AUTOHEADER='${SHELL} /home/bledyx/home/UA/cuarto/primer-cuatri/DCA/practicas/practica6/StringUtilsProject/missing autoheader'
AUTOMAKE='${SHELL} /home/bledyx/home/UA/cuarto/primer-cuatri/DCA/practicas/practica6/StringUtilsProject/missing automake-1.16'
AWK='gawk'
CC='gcc'
CCDEPMODE='depmode=gcc3'
CFLAGS='-g -O2'
CPP='gcc -E'
CPPFLAGS=''
CXX='g++'
CXXCPP='g++ -E'
CXXDEPMODE='depmode=gcc3'
CXXFLAGS='-g -O2'
CYGPATH_W='echo'
DEFS='-DHAVE_CONFIG_H'
DEPDIR='.deps'
DLLTOOL='false'
DSYMUTIL=''
DUMPBIN=''
ECHO_C=''
ECHO_N='-n'
ECHO_T=''
EGREP='/usr/bin/grep -E'
EXEEXT=''
FGREP='/usr/bin/grep -F'
GREP='/usr/bin/grep'
INSTALL_DATA='${INSTALL} -m 644'
INSTALL_PROGRAM='${INSTALL}'
INSTALL_SCRIPT='${INSTALL}'
INSTALL_STRIP_PROGRAM='$(install_sh) -c -s'
LD='/usr/bin/ld -m elf_x86_64'
LDFLAGS=''
LIBOBJS=''
LIBS=''
LIBTOOL='$(SHELL) $(top_builddir)/libtool'
LIPO=''
LN_S='ln -s'
LTLIBOBJS=''
LT_SYS_LIBRARY_PATH=''
MAKEINFO='${SHELL} /home/bledyx/home/UA/cuarto/primer-cuatri/DCA/practicas/practica6/StringUtilsProject/missing makeinfo'
MANIFEST_TOOL=':'
MKDIR_P='/usr/bin/mkdir -p'
NM='/usr/bin/nm -B'
NMEDIT=''
OBJDUMP='objdump'
OBJEXT='o'
OTOOL64=''
OTOOL=''
PACKAGE='stringutils'
PACKAGE_BUGREPORT='you@example.com'
PACKAGE_NAME='StringUtils'
PACKAGE_STRING='StringUtils 1.0'
PACKAGE_TARNAME='stringutils'
PACKAGE_URL=''
PACKAGE_VERSION='1.0'
PATH_SEPARATOR=':'
RANLIB='ranlib'
SED='/usr/bin/sed'
SET_MAKE=''
SHELL='/bin/bash'
STRIP='strip'
VERSION='1.0'
ac_ct_AR='ar'
ac_ct_CC='gcc'
ac_ct_CXX='g++'
ac_ct_DUMPBIN=''
am__EXEEXT_FALSE=''
am__EXEEXT_TRUE='#'
am__fastdepCC_FALSE='#'
am__fastdepCC_TRUE=''
am__fastdepCXX_FALSE='#'
am__fastdepCXX_TRUE=''
am__include='include'
am__isrc=''
am__leading_dot='.'
am__nodep='_no'
am__quote=''
am__tar='$${TAR-tar} chof - "$$tardir"'
am__untar='$${TAR-tar} xf -'
bindir='${exec_prefix}/bin'
build='x86_64-pc-linux-gnu'
build_alias=''
build_cpu='x86_64'
build_os='linux-gnu'
build_vendor='pc'
datadir='${datarootdir}'
datarootdir='${prefix}/share'
docdir='${datarootdir}/doc/${PACKAGE_TARNAME}'
dvidir='${docdir}'
exec_prefix='${prefix}'
host='x86_64-pc-linux-gnu'
host_alias=''
host_cpu='x86_64'
host_os='linux-gnu'
host_vendor='pc'
htmldir='${docdir}'
includedir='${prefix}/include'
infodir='${datarootdir}/info'
install_sh='${SHELL} /home/bledyx/home/UA/cuarto/primer-cuatri/DCA/practicas/practica6/StringUtilsProject/install-sh'
libdir='${exec_prefix}/lib'
libexecdir='${exec_prefix}/libexec'
localedir='${datarootdir}/locale'
localstatedir='${prefix}/var'
mandir='${datarootdir}/man'
mkdir_p='$(MKDIR_P)'
oldincludedir='/usr/include'
pdfdir='${docdir}'
prefix='/usr/local'
program_transform_name='s,x,x,'
psdir='${docdir}'
runstatedir='${localstatedir}/run'
sbindir='${exec_prefix}/sbin'
sharedstatedir='${prefix}/com'
sysconfdir='${prefix}/etc'
target_alias=''

## ----------- ##
## confdefs.h. ##
## ----------- ##

/* confdefs.h */
#define PACKAGE_NAME "StringUtils"
#define PACKAGE_TARNAME "stringutils"
#define PACKAGE_VERSION "1.0"
#define PACKAGE_STRING "StringUtils 1.0"
#define PACKAGE_BUGREPORT "you@example.com"
#define PACKAGE_URL ""
#define PACKAGE "stringutils"
#define VERSION "1.0"
#define STDC_HEADERS 1
#define HAVE_SYS_TYPES_H 1
#define HAVE_SYS_STAT_H 1
#define HAVE_STDLIB_H 1
#define HAVE_STRING_H 1
#define HAVE_MEMORY_H 1
#define HAVE_STRINGS_H 1
#define HAVE_INTTYPES_H 1
#define HAVE_STDINT_H 1
#define HAVE_UNISTD_H 1
#define HAVE_DLFCN_H 1
#define LT_OBJDIR ".libs/"

configure: exit 0

## ---------------------- ##
## Running config.status. ##
## ---------------------- ##

This file was extended by StringUtils config.status 1.0, which was
generated by GNU Autoconf 2.69.  Invocation command line was

  CONFIG_FILES    = 
  CONFIG_HEADERS  = 
  CONFIG_LINKS    = 
  CONFIG_COMMANDS = 
  $ ./config.status config.h

on bledyx-laptop

config.status:1145: creating config.h
config.status:1326: config.h is unchanged
